<?xml version="1.0" encoding="UTF-8"?>
<!-- Generated by org.testng.reporters.JUnitXMLReporter -->
<testsuite ignored="0" hostname="DESKTOP-MD0EKOV" failures="0" tests="2" name="Default test" time="3.364" errors="0" timestamp="2022-08-26T22:07:25 EET">
  <testcase classname="Vodafone.Rest_Assured_Task.Rest_Assured_Task2" name="Validate_Status_Code" time="2.788"/>
  <testcase classname="Vodafone.Rest_Assured_Task.Rest_Assured_Task2" name="Validate_Status_Code_bodyresp" time="0.523"/>
</testsuite> <!-- Default test -->
