<?xml version="1.0" encoding="UTF-8"?>
<testng-results ignored="0" total="2" passed="2" failed="0" skipped="0">
  <reporter-output>
  </reporter-output>
  <suite started-at="2022-08-26T22:07:22 EET" name="Default suite" finished-at="2022-08-26T22:07:25 EET" duration-ms="3364">
    <groups>
    </groups>
    <test started-at="2022-08-26T22:07:22 EET" name="Default test" finished-at="2022-08-26T22:07:25 EET" duration-ms="3364">
      <class name="Vodafone.Rest_Assured_Task.Rest_Assured_Task2">
        <test-method signature="Validate_Status_Code()[pri:0, instance:Vodafone.Rest_Assured_Task.Rest_Assured_Task2@47faa49c]" started-at="2022-08-26T22:07:22 EET" name="Validate_Status_Code" finished-at="2022-08-26T22:07:25 EET" duration-ms="2788" status="PASS">
          <reporter-output>
          </reporter-output>
        </test-method> <!-- Validate_Status_Code -->
        <test-method signature="Validate_Status_Code_bodyresp()[pri:0, instance:Vodafone.Rest_Assured_Task.Rest_Assured_Task2@47faa49c]" started-at="2022-08-26T22:07:25 EET" name="Validate_Status_Code_bodyresp" finished-at="2022-08-26T22:07:25 EET" duration-ms="523" status="PASS">
          <reporter-output>
          </reporter-output>
        </test-method> <!-- Validate_Status_Code_bodyresp -->
      </class> <!-- Vodafone.Rest_Assured_Task.Rest_Assured_Task2 -->
    </test> <!-- Default test -->
  </suite> <!-- Default suite -->
</testng-results>
